<?xml version="1.0" encoding="UTF-8" standalone="no"?>
<testsuite errors="0" failures="3" name="io.cucumber.core.plugin.JUnitFormatter" skipped="0" tests="3" time="21.476">
    <testcase classname="US1010 test failed olursa screen shot calismali" name="TC14 Amazon test" time="5.845">
        <failure message="" type="java.lang.AssertionError">
            <![CDATA[When kullanici "amazonUrl" sayfasina gider..................................passed
Then basligın "amazon" icerdigini test eder.................................failed
And sayfayi kapatir.........................................................skipped

StackTrace:
java.lang.AssertionError
	at org.junit.Assert.fail(Assert.java:87)
	at org.junit.Assert.assertTrue(Assert.java:42)
	at org.junit.Assert.assertTrue(Assert.java:53)
	at stepdefinitions.amazonStepDefinitions.basligınIcerdiginiTestEder(amazonStepDefinitions.java:76)
	at ✽.basligın "amazon" icerdigini test eder(file:///C:/Users/acer/eclipse-workspace/cucumberDeneme/src/test/resources/features/US1010_screenShot.feature:7)
]]>
        </failure>
    </testcase>
    <testcase classname="US1010 test failed olursa screen shot calismali" name="TC15 techproeducation test" time="11.425">
        <failure message="" type="java.lang.AssertionError">
            <![CDATA[When kullanici "techproeducationUrl" sayfasina gider........................passed
Then basligın "techproeducation" icerdigini test eder.......................failed
And sayfayi kapatir.........................................................skipped

StackTrace:
java.lang.AssertionError
	at org.junit.Assert.fail(Assert.java:87)
	at org.junit.Assert.assertTrue(Assert.java:42)
	at org.junit.Assert.assertTrue(Assert.java:53)
	at stepdefinitions.amazonStepDefinitions.basligınIcerdiginiTestEder(amazonStepDefinitions.java:76)
	at ✽.basligın "techproeducation" icerdigini test eder(file:///C:/Users/acer/eclipse-workspace/cucumberDeneme/src/test/resources/features/US1010_screenShot.feature:12)
]]>
        </failure>
    </testcase>
    <testcase classname="US1010 test failed olursa screen shot calismali" name="TC16 ebay test" time="3.769">
        <failure message="" type="java.lang.AssertionError">
            <![CDATA[When kullanici "ebayUrl" sayfasina gider....................................passed
Then basligın "ebay" icerdigini test eder...................................failed
And sayfayi kapatir.........................................................skipped

StackTrace:
java.lang.AssertionError
	at org.junit.Assert.fail(Assert.java:87)
	at org.junit.Assert.assertTrue(Assert.java:42)
	at org.junit.Assert.assertTrue(Assert.java:53)
	at stepdefinitions.amazonStepDefinitions.basligınIcerdiginiTestEder(amazonStepDefinitions.java:76)
	at ✽.basligın "ebay" icerdigini test eder(file:///C:/Users/acer/eclipse-workspace/cucumberDeneme/src/test/resources/features/US1010_screenShot.feature:17)
]]>
        </failure>
    </testcase>
</testsuite>
